Arguments: 
  /Users/vntlero/.nvm/versions/node/v15.5.0/bin/node /Users/vntlero/.nvm/versions/node/v15.5.0/bin/yarn

PATH: 
  /usr/local/opt/mysql@5.7/bin:/Users/vntlero/Downloads/google-cloud-sdk/bin:/usr/local/opt/mysql@5.7/bin:/Users/vntlero/Downloads/google-cloud-sdk/bin:/Users/vntlero/.nvm/versions/node/v15.5.0/bin:/usr/local/bin:/usr/bin:/bin:/usr/sbin:/sbin

Yarn version: 
  1.22.10

Node version: 
  15.5.0

Platform: 
  darwin x64

Trace: 
  Error: getaddrinfo ENOTFOUND npm.apple.com
      at GetAddrInfoReqWrap.onlookup [as oncomplete] (node:dns:69:26)

npm manifest: 
  {
    "name": "scrapers",
    "version": "0.0.0",
    "private": true,
    "scripts": {
      "start": "node ./bin/www"
    },
    "dependencies": {
      "body-parser": "latest",
      "chalk": "^4.1.0",
      "cookie-parser": "~1.4.4",
      "csvtojson": "latest",
      "es6-promise-pool": "^2.5.0",
      "express": "~4.16.1",
      "fs-extra": "^9.0.1",
      "http": "0.0.1-security",
      "http-errors": "~1.6.3",
      "node-fetch": "^2.6.1",
      "puppeteer": "^5.5.0",
      "puppeteer-extra": "^3.1.18",
      "puppeteer-extra-plugin-recaptcha": "^3.3.7",
      "puppeteer-extra-plugin-stealth": "^2.6.5",
      "website-scraper": "^4.2.3"
    }
  }

yarn manifest: 
  No manifest

Lockfile: 
  No lockfile
